#
# A fatal error has been detected by the Java Runtime Environment:
#
#  SIGSEGV (0xb) at pc=0x0000000107096687, pid=9460, tid=0x0000000000002603
#
# JRE version: OpenJDK Runtime Environment (8.0_112-b05) (build 1.8.0_112-release-b05)
# Java VM: OpenJDK 64-Bit Server VM (25.112-b05 mixed mode bsd-amd64 compressed oops)
# Problematic frame:
# V  [libjvm.dylib+0x496687]  ParallelCompactData::calc_new_pointer(HeapWord*)+0x1d
#
# Failed to write core dump. Core dumps have been disabled. To enable core dumping, try "ulimit -c unlimited" before starting Java again
#
# If you would like to submit a bug report, please visit:
#   http://bugreport.java.com/bugreport/crash.jsp
#

---------------  T H R E A D  ---------------

Current thread (0x00007fa82a010000):  GCTaskThread [stack: 0x0000700000320000,0x0000700000420000] [id=9731]

siginfo: si_signo: 11 (SIGSEGV), si_code: 0 (unknown), si_addr: 0x0000000000000000

Registers:
RAX=0x00009ffffffb6617, RBX=0x00000007c0107e68, RCX=0x0000000106279000, RDX=0x0000000107486b70
RSP=0x000070000041fba0, RBP=0x000070000041fbc0, RSI=0x0000000003580318, RDI=0x000000010748bf50
R8 =0x0000000000000000, R9 =0x000000000000ec01, R10=0x00000000003b0040, R11=0xfffffffffface9c0
R12=0x000000076184ea90, R13=0x000000076184ea94, R14=0x00000001073e4d50, R15=0x000000010748bf50
RIP=0x0000000107096687, EFLAGS=0x0000000000010a02, ERR=0x0000000000000000
  TRAPNO=0x000000000000000d

Top of Stack: (sp=0x000070000041fba0)
0x000070000041fba0:   00000007c0107e68 000000076184ea90
0x000070000041fbb0:   00000001073e4d50 000000010748bf50
0x000070000041fbc0:   000070000041fc10 0000000106eac980
0x000070000041fbd0:   000000050041fc10 000000076184ea70
0x000070000041fbe0:   00000007c0107e70 0000000000000003
0x000070000041fbf0:   000000010748bed0 00000000003b0018
0x000070000041fc00:   000070000041fca0 00000000003c0000
0x000070000041fc10:   000070000041fc30 0000000107091aba
0x000070000041fc20:   000000000000f000 00000000003c0000
0x000070000041fc30:   000070000041fc70 0000000107067fc2
0x000070000041fc40:   000070000041fca0 0000000761e00000
0x000070000041fc50:   000000000000003b 0000000000000030
0x000070000041fc60:   00000007660e82b0 0000000761d00000
0x000070000041fc70:   000070000041fd10 000000010709383d
0x000070000041fc80:   0000000000000030 00000000000000f0
0x000070000041fc90:   0000000106279000 00007fa829512960
0x000070000041fca0:   000000010747aef0 000000010748bed0
0x000070000041fcb0:   00007fa829512960 00000000000062b2
0x000070000041fcc0:   0000000761d800b0 00007fa8295065e0
0x000070000041fcd0:   000000076184ea70 00000007660e82b0
0x000070000041fce0:   0000000006279000 00007fa829512960
0x000070000041fcf0:   000070000041fd30 0000000000000030
0x000070000041fd00:   000000010748b488 0000000107486b76
0x000070000041fd10:   000070000041fd60 000000010708c749
0x000070000041fd20:   0000000761100000 0000000000000030
0x000070000041fd30:   0000000b0000000b 0000000000000001
0x000070000041fd40:   00007fa829512960 000070000041fd80
0x000070000041fd50:   000000010748be08 000070000041fd7c
0x000070000041fd60:   000070000041fdb0 000000010707eeef
0x000070000041fd70:   00007fa82b2d9860 1e2a1b7200000001
0x000070000041fd80:   0000000000000021 00007fa82a010000
0x000070000041fd90:   0000000000000000 00000001071d9a0f 

Instructions: (pc=0x0000000107096687)
0x0000000107096667:   5d c3 90 55 48 89 e5 41 57 41 56 41 54 53 48 89
0x0000000107096677:   f0 48 2b 07 48 c1 e8 13 48 8d 04 80 48 8b 4f 18
0x0000000107096687:   48 8b 1c c1 8b 54 c1 18 41 b8 ff ff ff 07 44 23
0x0000000107096697:   44 c1 1c 49 01 d0 49 81 f8 00 00 01 00 49 89 f6 

Register to memory mapping:

RAX=0x00009ffffffb6617 is an unknown value
RBX=0x00000007c0107e68 is pointing into metadata
RCX=0x0000000106279000 is an unknown value
RDX=0x0000000107486b70: UseCompressedOops+0 in /Volumes/Android Studio 2.2.1/Android Studio.app/Contents/jre/jdk/Contents/Home/jre/lib/server/libjvm.dylib at 0x0000000106c00000
RSP=0x000070000041fba0 is an unknown value
RBP=0x000070000041fbc0 is an unknown value
RSI=0x0000000003580318 is an unknown value
RDI=0x000000010748bf50: _ZN17PSParallelCompact13_summary_dataE+0 in /Volumes/Android Studio 2.2.1/Android Studio.app/Contents/jre/jdk/Contents/Home/jre/lib/server/libjvm.dylib at 0x0000000106c00000
R8 =0x0000000000000000 is an unknown value
R9 =0x000000000000ec01 is an unknown value
R10=0x00000000003b0040 is an unknown value
R11=0xfffffffffface9c0 is an unknown value
R12=0x000000076184ea90 is pointing into object: 0x000000076184ea70
java.math.BigInteger 
 - klass: 'java/math/BigInteger'
R13=0x000000076184ea94 is pointing into object: 0x000000076184ea70
java.math.BigInteger 
 - klass: 'java/math/BigInteger'
R14=0x00000001073e4d50: _ZN8Universe11_narrow_oopE+0 in /Volumes/Android Studio 2.2.1/Android Studio.app/Contents/jre/jdk/Contents/Home/jre/lib/server/libjvm.dylib at 0x0000000106c00000
R15=0x000000010748bf50: _ZN17PSParallelCompact13_summary_dataE+0 in /Volumes/Android Studio 2.2.1/Android Studio.app/Contents/jre/jdk/Contents/Home/jre/lib/server/libjvm.dylib at 0x0000000106c00000


Stack: [0x0000700000320000,0x0000700000420000],  sp=0x000070000041fba0,  free space=1022k
Native frames: (J=compiled Java code, j=interpreted, Vv=VM code, C=native code)
V  [libjvm.dylib+0x496687]  ParallelCompactData::calc_new_pointer(HeapWord*)+0x1d
V  [libjvm.dylib+0x2ac980]  InstanceKlass::oop_update_pointers(ParCompactionManager*, oopDesc*)+0x112
V  [libjvm.dylib+0x491aba]  MoveAndUpdateClosure::do_addr(HeapWord*, unsigned long)+0x98
V  [libjvm.dylib+0x467fc2]  ParMarkBitMap::iterate(ParMarkBitMapClosure*, unsigned long, unsigned long) const+0x1aa
V  [libjvm.dylib+0x49383d]  PSParallelCompact::fill_region(ParCompactionManager*, unsigned long)+0x27d
V  [libjvm.dylib+0x48c749]  ParCompactionManager::drain_region_stacks()+0x5b
V  [libjvm.dylib+0x47eeef]  StealRegionCompactionTask::do_it(GCTaskManager*, unsigned int)+0xfb
V  [libjvm.dylib+0x26dc37]  GCTaskThread::run()+0x1a1
V  [libjvm.dylib+0x45bf0a]  java_start(Thread*)+0xf6
C  [libsystem_pthread.dylib+0x399d]  _pthread_body+0x83
C  [libsystem_pthread.dylib+0x391a]  _pthread_body+0x0
C  [libsystem_pthread.dylib+0x1351]  thread_start+0xd


---------------  P R O C E S S  ---------------

Java Threads: ( => current thread )
  0x00007fa82cd4a800 JavaThread "pool-44-thread-3" [_thread_blocked, id=78355, stack(0x000070000726a000,0x000070000736a000)]
  0x00007fa82e45f800 JavaThread "pool-44-thread-2" [_thread_blocked, id=76815, stack(0x0000700007167000,0x0000700007267000)]
  0x00007fa82cd39000 JavaThread "pool-45-thread-1" [_thread_blocked, id=70691, stack(0x0000700007064000,0x0000700007164000)]
  0x00007fa82b330000 JavaThread "pool-44-thread-1" [_thread_blocked, id=73747, stack(0x0000700006646000,0x0000700006746000)]
  0x00007fa82f581800 JavaThread "Unknown thread" daemon [_thread_blocked, id=76295, stack(0x0000700006f61000,0x0000700007061000)]
  0x00007fa829f71800 
[error occurred during error reporting (printing all threads), id 0xb]

VM state:at safepoint (normal execution)

VM Mutex/Monitor currently owned by a thread:  ([mutex/lock_event])
[0x00007fa829414580] Threads_lock - owner thread: 0x00007fa82b00a000
[0x00007fa829414a80] Heap_lock - owner thread: 0x00007fa829dbc000

Heap:
 PSYoungGen      total 288256K, used 26084K [0x00000007a0000000, 0x00000007b6a00000, 0x00000007c0000000)
  eden space 262144K, 0% used [0x00000007a0000000,0x00000007a0000000,0x00000007b0000000)
  from space 26112K, 99% used [0x00000007b2a00000,0x00000007b4379238,0x00000007b4380000)
  to   space 43008K, 0% used [0x00000007b0000000,0x00000007b0000000,0x00000007b2a00000)
 ParOldGen       total 106496K, used 99232K [0x0000000760000000, 0x0000000766800000, 0x00000007a0000000)
  object space 106496K, 93% used [0x0000000760000000,0x00000007660e82b0,0x0000000766800000)
 Metaspace       used 63410K, capacity 65114K, committed 65408K, reserved 1105920K
  class space    used 8155K, capacity 8491K, committed 8576K, reserved 1048576K

Card table byte_map: [0x0000000116ab6000,0x0000000116db7000] byte_map_base: 0x0000000112fb6000

Marking Bits: (ParMarkBitMap*) 0x000000010748bed0
 Begin Bits: [0x0000000116fb7000, 0x00000001187b7000)
 End Bits:   [0x00000001187b7000, 0x0000000119fb7000)

Polling page: 0x0000000106266000

CodeCache: size=245760Kb used=30822Kb max_used=30823Kb free=214937Kb
 bounds [0x00000001076f6000, 0x0000000109536000, 0x00000001166f6000]
 total_blobs=10494 nmethods=9747 adapters=659
 compilation: enabled

Compilation events (10 events):
Event: 47.387 Thread 0x00007fa82a074800 12523       3       com.android.dx.ssa.back.SsaToRop::removePhiFunctions (83 bytes)
Event: 47.389 Thread 0x00007fa82a074800 nmethod 12523 0x0000000109522650 code [0x0000000109522920, 0x0000000109524008]
Event: 47.394 Thread 0x00007fa82a074800 12521       3       com.android.dx.ssa.Dominators::run (506 bytes)
Event: 47.399 Thread 0x00007fa82a074800 nmethod 12521 0x0000000109524b50 code [0x0000000109525140, 0x0000000109529c38]
Event: 47.401 Thread 0x00007fa82a074800 12522       3       com.android.dx.ssa.SCCP::run (298 bytes)
Event: 47.403 Thread 0x00007fa82a074800 nmethod 12522 0x000000010952d350 code [0x000000010952d720, 0x000000010952ff28]
Event: 47.404 Thread 0x00007fa82a074800 12509 %     3       com.android.dx.ssa.SsaMethod::forEachBlockDepthFirstDom @ 32 (128 bytes)
Event: 47.441 Thread 0x00007fa82a074800 nmethod 12509% 0x0000000109530bd0 code [0x0000000109530f20, 0x0000000109533498]
Event: 47.514 Thread 0x00007fa82a074800 12528 %     3       java.util.Arrays::equals @ 30 (78 bytes)
Event: 47.553 Thread 0x00007fa82a074800 nmethod 12528% 0x0000000109534790 code [0x0000000109534940, 0x0000000109534ec8]

GC Heap History (10 events):
Event: 40.374 GC heap after
Heap after GC invocations=21 (full 3):
 PSYoungGen      total 185856K, used 9045K [0x00000007a0000000, 0x00000007ad280000, 0x00000007c0000000)
  eden space 176640K, 0% used [0x00000007a0000000,0x00000007a0000000,0x00000007aac80000)
  from space 9216K, 98% used [0x00000007ac980000,0x00000007ad2554a0,0x00000007ad280000)
  to   space 19456K, 0% used [0x00000007aac80000,0x00000007aac80000,0x00000007abf80000)
 ParOldGen       total 106496K, used 46917K [0x0000000760000000, 0x0000000766800000, 0x00000007a0000000)
  object space 106496K, 44% used [0x0000000760000000,0x0000000762dd1588,0x0000000766800000)
 Metaspace       used 58989K, capacity 60640K, committed 60800K, reserved 1101824K
  class space    used 7698K, capacity 8040K, committed 8064K, reserved 1048576K
}
Event: 40.508 GC heap before
{Heap before GC invocations=22 (full 3):
 PSYoungGen      total 185856K, used 184897K [0x00000007a0000000, 0x00000007ad280000, 0x00000007c0000000)
  eden space 176640K, 99% used [0x00000007a0000000,0x00000007aabbb0b8,0x00000007aac80000)
  from space 9216K, 98% used [0x00000007ac980000,0x00000007ad2554a0,0x00000007ad280000)
  to   space 19456K, 0% used [0x00000007aac80000,0x00000007aac80000,0x00000007abf80000)
 ParOldGen       total 106496K, used 46917K [0x0000000760000000, 0x0000000766800000, 0x00000007a0000000)
  object space 106496K, 44% used [0x0000000760000000,0x0000000762dd1588,0x0000000766800000)
 Metaspace       used 58993K, capacity 60640K, committed 60800K, reserved 1101824K
  class space    used 7698K, capacity 8040K, committed 8064K, reserved 1048576K
Event: 40.532 GC heap after
Heap after GC invocations=22 (full 3):
 PSYoungGen      total 196096K, used 6784K [0x00000007a0000000, 0x00000007b0280000, 0x00000007c0000000)
  eden space 176640K, 0% used [0x00000007a0000000,0x00000007a0000000,0x00000007aac80000)
  from space 19456K, 34% used [0x00000007aac80000,0x00000007ab320080,0x00000007abf80000)
  to   space 18944K, 0% used [0x00000007af000000,0x00000007af000000,0x00000007b0280000)
 ParOldGen       total 106496K, used 46925K [0x0000000760000000, 0x0000000766800000, 0x00000007a0000000)
  object space 106496K, 44% used [0x0000000760000000,0x0000000762dd3588,0x0000000766800000)
 Metaspace       used 58993K, capacity 60640K, committed 60800K, reserved 1101824K
  class space    used 7698K, capacity 8040K, committed 8064K, reserved 1048576K
}
Event: 42.679 GC heap before
{Heap before GC invocations=23 (full 3):
 PSYoungGen      total 196096K, used 183424K [0x00000007a0000000, 0x00000007b0280000, 0x00000007c0000000)
  eden space 176640K, 100% used [0x00000007a0000000,0x00000007aac80000,0x00000007aac80000)
  from space 19456K, 34% used [0x00000007aac80000,0x00000007ab320080,0x00000007abf80000)
  to   space 18944K, 0% used [0x00000007af000000,0x00000007af000000,0x00000007b0280000)
 ParOldGen       total 106496K, used 46925K [0x0000000760000000, 0x0000000766800000, 0x00000007a0000000)
  object space 106496K, 44% used [0x0000000760000000,0x0000000762dd3588,0x0000000766800000)
 Metaspace       used 60677K, capacity 62418K, committed 62592K, reserved 1103872K
  class space    used 7900K, capacity 8257K, committed 8320K, reserved 1048576K
Event: 42.699 GC heap after
Heap after GC invocations=23 (full 3):
 PSYoungGen      total 238592K, used 3235K [0x00000007a0000000, 0x00000007aff00000, 0x00000007c0000000)
  eden space 223232K, 0% used [0x00000007a0000000,0x00000007a0000000,0x00000007ada00000)
  from space 15360K, 21% used [0x00000007af000000,0x00000007af328db0,0x00000007aff00000)
  to   space 18944K, 0% used [0x00000007ada00000,0x00000007ada00000,0x00000007aec80000)
 ParOldGen       total 106496K, used 52745K [0x0000000760000000, 0x0000000766800000, 0x00000007a0000000)
  object space 106496K, 49% used [0x0000000760000000,0x00000007633825c8,0x0000000766800000)
 Metaspace       used 60677K, capacity 62418K, committed 62592K, reserved 1103872K
  class space    used 7900K, capacity 8257K, committed 8320K, reserved 1048576K
}
Event: 46.149 GC heap before
{Heap before GC invocations=24 (full 3):
 PSYoungGen      total 238592K, used 226467K [0x00000007a0000000, 0x00000007aff00000, 0x00000007c0000000)
  eden space 223232K, 100% used [0x00000007a0000000,0x00000007ada00000,0x00000007ada00000)
  from space 15360K, 21% used [0x00000007af000000,0x00000007af328db0,0x00000007aff00000)
  to   space 18944K, 0% used [0x00000007ada00000,0x00000007ada00000,0x00000007aec80000)
 ParOldGen       total 106496K, used 52745K [0x0000000760000000, 0x0000000766800000, 0x00000007a0000000)
  object space 106496K, 49% used [0x0000000760000000,0x00000007633825c8,0x0000000766800000)
 Metaspace       used 63228K, capacity 64922K, committed 65152K, reserved 1105920K
  class space    used 8154K, capacity 8491K, committed 8576K, reserved 1048576K
Event: 46.205 GC heap after
Heap after GC invocations=24 (full 3):
 PSYoungGen      total 242176K, used 18938K [0x00000007a0000000, 0x00000007b4380000, 0x00000007c0000000)
  eden space 223232K, 0% used [0x00000007a0000000,0x00000007a0000000,0x00000007ada00000)
  from space 18944K, 99% used [0x00000007ada00000,0x00000007aec7e970,0x00000007aec80000)
  to   space 26112K, 0% used [0x00000007b2a00000,0x00000007b2a00000,0x00000007b4380000)
 ParOldGen       total 106496K, used 64739K [0x0000000760000000, 0x0000000766800000, 0x00000007a0000000)
  object space 106496K, 60% used [0x0000000760000000,0x0000000763f38eb0,0x0000000766800000)
 Metaspace       used 63228K, capacity 64922K, committed 65152K, reserved 1105920K
  class space    used 8154K, capacity 8491K, committed 8576K, reserved 1048576K
}
Event: 47.553 GC heap before
{Heap before GC invocations=25 (full 3):
 PSYoungGen      total 242176K, used 242170K [0x00000007a0000000, 0x00000007b4380000, 0x00000007c0000000)
  eden space 223232K, 100% used [0x00000007a0000000,0x00000007ada00000,0x00000007ada00000)
  from space 18944K, 99% used [0x00000007ada00000,0x00000007aec7e970,0x00000007aec80000)
  to   space 26112K, 0% used [0x00000007b2a00000,0x00000007b2a00000,0x00000007b4380000)
 ParOldGen       total 106496K, used 64739K [0x0000000760000000, 0x0000000766800000, 0x00000007a0000000)
  object space 106496K, 60% used [0x0000000760000000,0x0000000763f38eb0,0x0000000766800000)
 Metaspace       used 63410K, capacity 65114K, committed 65408K, reserved 1105920K
  class space    used 8155K, capacity 8491K, committed 8576K, reserved 1048576K
Event: 47.657 GC heap after
Heap after GC invocations=25 (full 3):
 PSYoungGen      total 288256K, used 26084K [0x00000007a0000000, 0x00000007b6a00000, 0x00000007c0000000)
  eden space 262144K, 0% used [0x00000007a0000000,0x00000007a0000000,0x00000007b0000000)
  from space 26112K, 99% used [0x00000007b2a00000,0x00000007b4379238,0x00000007b4380000)
  to   space 43008K, 0% used [0x00000007b0000000,0x00000007b0000000,0x00000007b2a00000)
 ParOldGen       total 106496K, used 99232K [0x0000000760000000, 0x0000000766800000, 0x00000007a0000000)
  object space 106496K, 93% used [0x0000000760000000,0x00000007660e82b0,0x0000000766800000)
 Metaspace       used 63410K, capacity 65114K, committed 65408K, reserved 1105920K
  class space    used 8155K, capacity 8491K, committed 8576K, reserved 1048576K
}
Event: 47.657 GC heap before
{Heap before GC invocations=26 (full 4):
 PSYoungGen      total 288256K, used 26084K [0x00000007a0000000, 0x00000007b6a00000, 0x00000007c0000000)
  eden space 262144K, 0% used [0x00000007a0000000,0x00000007a0000000,0x00000007b0000000)
  from space 26112K, 99% used [0x00000007b2a00000,0x00000007b4379238,0x00000007b4380000)
  to   space 43008K, 0% used [0x00000007b0000000,0x00000007b0000000,0x00000007b2a00000)
 ParOldGen       total 106496K, used 99232K [0x0000000760000000, 0x0000000766800000, 0x00000007a0000000)
  object space 106496K, 93% used [0x0000000760000000,0x00000007660e82b0,0x0000000766800000)
 Metaspace       used 63410K, capacity 65114K, committed 65408K, reserved 1105920K
  class space    used 8155K, capacity 8491K, committed 8576K, reserved 1048576K

Deoptimization events (10 events):
Event: 42.776 Thread 0x00007fa82d93c000 Uncommon trap: reason=unstable_if action=reinterpret pc=0x00000001079fb05c method=java.lang.String.lastIndexOf([CII[CIII)I @ 118
Event: 42.832 Thread 0x00007fa82d93c000 Uncommon trap: reason=unstable_if action=reinterpret pc=0x000000010796f428 method=java.util.concurrent.ConcurrentHashMap.putVal(Ljava/lang/Object;Ljava/lang/Object;Z)Ljava/lang/Object; @ 98
Event: 42.833 Thread 0x00007fa82f320000 Uncommon trap: reason=bimorphic action=maybe_recompile pc=0x000000010796f58c method=java.util.concurrent.ConcurrentHashMap.putVal(Ljava/lang/Object;Ljava/lang/Object;Z)Ljava/lang/Object; @ 192
Event: 43.130 Thread 0x00007fa82edb7000 Uncommon trap: reason=unstable_if action=reinterpret pc=0x0000000108b5cd58 method=java.util.Arrays.equals([Ljava/lang/Object;[Ljava/lang/Object;)Z @ 65
Event: 43.554 Thread 0x00007fa829dbc000 Uncommon trap: reason=class_check action=maybe_recompile pc=0x00000001084cb49c method=java.lang.AbstractStringBuilder.append(Ljava/lang/CharSequence;)Ljava/lang/AbstractStringBuilder; @ 26
Event: 43.554 Thread 0x00007fa829dbc000 Uncommon trap: reason=class_check action=maybe_recompile pc=0x0000000108494394 method=java.lang.AbstractStringBuilder.append(Ljava/lang/CharSequence;II)Ljava/lang/AbstractStringBuilder; @ 18
Event: 43.981 Thread 0x00007fa829dbc000 Uncommon trap: reason=class_check action=maybe_recompile pc=0x00000001084cb49c method=java.lang.AbstractStringBuilder.append(Ljava/lang/CharSequence;)Ljava/lang/AbstractStringBuilder; @ 26
Event: 43.981 Thread 0x00007fa829dbc000 Uncommon trap: reason=class_check action=maybe_recompile pc=0x0000000108494394 method=java.lang.AbstractStringBuilder.append(Ljava/lang/CharSequence;II)Ljava/lang/AbstractStringBuilder; @ 18
Event: 44.061 Thread 0x00007fa829dbc000 Uncommon trap: reason=class_check action=maybe_recompile pc=0x00000001084cb49c method=java.lang.AbstractStringBuilder.append(Ljava/lang/CharSequence;)Ljava/lang/AbstractStringBuilder; @ 26
Event: 44.061 Thread 0x00007fa829dbc000 Uncommon trap: reason=class_check action=maybe_recompile pc=0x0000000108494394 method=java.lang.AbstractStringBuilder.append(Ljava/lang/CharSequence;II)Ljava/lang/AbstractStringBuilder; @ 18

Internal exceptions (10 events):
Event: 39.151 Thread 0x00007fa82f320000 Exception <a 'sun/nio/fs/UnixException'> (0x00000007a225a220) thrown at [/Volumes/Android_AOSP/AOSP-openjdk/external/jetbrains/jdk/hotspot/src/share/vm/prims/jni.cpp, line 709]
Event: 39.152 Thread 0x00007fa82d93c000 Exception <a 'sun/nio/fs/UnixException'> (0x00000007a22c49d0) thrown at [/Volumes/Android_AOSP/AOSP-openjdk/external/jetbrains/jdk/hotspot/src/share/vm/prims/jni.cpp, line 709]
Event: 39.152 Thread 0x00007fa82d93c000 Exception <a 'sun/nio/fs/UnixException'> (0x00000007a22c5160) thrown at [/Volumes/Android_AOSP/AOSP-openjdk/external/jetbrains/jdk/hotspot/src/share/vm/prims/jni.cpp, line 709]
Event: 39.153 Thread 0x00007fa82e1dc000 Exception <a 'sun/nio/fs/UnixException'> (0x00000007a21ffd50) thrown at [/Volumes/Android_AOSP/AOSP-openjdk/external/jetbrains/jdk/hotspot/src/share/vm/prims/jni.cpp, line 709]
Event: 39.154 Thread 0x00007fa82e1dc000 Exception <a 'sun/nio/fs/UnixException'> (0x00000007a22004e8) thrown at [/Volumes/Android_AOSP/AOSP-openjdk/external/jetbrains/jdk/hotspot/src/share/vm/prims/jni.cpp, line 709]
Event: 39.156 Thread 0x00007fa82e1dc000 Exception <a 'sun/nio/fs/UnixException'> (0x00000007a22010c0) thrown at [/Volumes/Android_AOSP/AOSP-openjdk/external/jetbrains/jdk/hotspot/src/share/vm/prims/jni.cpp, line 709]
Event: 39.156 Thread 0x00007fa82e1dc000 Exception <a 'sun/nio/fs/UnixException'> (0x00000007a2201860) thrown at [/Volumes/Android_AOSP/AOSP-openjdk/external/jetbrains/jdk/hotspot/src/share/vm/prims/jni.cpp, line 709]
Event: 40.786 Thread 0x00007fa829c76000 Exception <a 'java/io/FileNotFoundException'> (0x00000007a670a7e8) thrown at [/Volumes/Android_AOSP/AOSP-openjdk/external/jetbrains/jdk/hotspot/src/share/vm/prims/jni.cpp, line 709]
Event: 42.723 Thread 0x00007fa829c76000 Implicit null exception at 0x0000000108a0cb97 to 0x0000000108a0d2b9
Event: 42.723 Thread 0x00007fa829c76000 Implicit null exception at 0x00000001089b8025 to 0x00000001089b8321

Events (10 events):
Event: 47.542 Executing VM operation: RevokeBias done
Event: 47.543 Executing VM operation: RevokeBias
Event: 47.543 Executing VM operation: RevokeBias done
Event: 47.546 Executing VM operation: RevokeBias
Event: 47.547 Executing VM operation: RevokeBias done
Event: 47.547 Executing VM operation: RevokeBias
Event: 47.547 Executing VM operation: RevokeBias done
Event: 47.548 Executing VM operation: RevokeBias
Event: 47.549 Executing VM operation: RevokeBias done
Event: 47.553 Executing VM operation: ParallelGCFailedAllocation


Dynamic libraries:
0x000000000789f000 	/System/Library/Frameworks/Cocoa.framework/Versions/A/Cocoa
0x000000000789f000 	/System/Library/Frameworks/Security.framework/Versions/A/Security
0x000000000789f000 	/System/Library/Frameworks/ApplicationServices.framework/Versions/A/ApplicationServices
0x000000000789f000 	/usr/lib/libz.1.dylib
0x000000000789f000 	/usr/lib/libSystem.B.dylib
0x000000000789f000 	/usr/lib/libobjc.A.dylib
0x000000000789f000 	/System/Library/Frameworks/Foundation.framework/Versions/C/Foundation
0x000000000789f000 	/System/Library/Frameworks/CoreFoundation.framework/Versions/A/CoreFoundation
0x000000000789f000 	/System/Library/Frameworks/AppKit.framework/Versions/C/AppKit
0x000000000789f000 	/System/Library/Frameworks/CoreData.framework/Versions/A/CoreData
0x000000000789f000 	/System/Library/PrivateFrameworks/RemoteViewServices.framework/Versions/A/RemoteViewServices
0x000000000789f000 	/System/Library/PrivateFrameworks/UIFoundation.framework/Versions/A/UIFoundation
0x000000000789f000 	/usr/lib/libScreenReader.dylib
0x000000000789f000 	/System/Library/Frameworks/Accelerate.framework/Versions/A/Accelerate
0x000000000789f000 	/System/Library/Frameworks/IOSurface.framework/Versions/A/IOSurface
0x000000000789f000 	/System/Library/Frameworks/AudioToolbox.framework/Versions/A/AudioToolbox
0x000000000789f000 	/System/Library/Frameworks/AudioUnit.framework/Versions/A/AudioUnit
0x000000000789f000 	/System/Library/PrivateFrameworks/DataDetectorsCore.framework/Versions/A/DataDetectorsCore
0x000000000789f000 	/System/Library/PrivateFrameworks/DesktopServicesPriv.framework/Versions/A/DesktopServicesPriv
0x000000000789f000 	/System/Library/Frameworks/Carbon.framework/Versions/A/Frameworks/HIToolbox.framework/Versions/A/HIToolbox
0x000000000789f000 	/System/Library/Frameworks/QuartzCore.framework/Versions/A/QuartzCore
0x000000000789f000 	/System/Library/Frameworks/Carbon.framework/Versions/A/Frameworks/SpeechRecognition.framework/Versions/A/SpeechRecognition
0x000000000789f000 	/usr/lib/libauto.dylib
0x000000000789f000 	/usr/lib/libicucore.A.dylib
0x000000000789f000 	/usr/lib/libxml2.2.dylib
0x000000000789f000 	/System/Library/PrivateFrameworks/CoreUI.framework/Versions/A/CoreUI
0x000000000789f000 	/System/Library/Frameworks/CoreAudio.framework/Versions/A/CoreAudio
0x000000000789f000 	/System/Library/Frameworks/DiskArbitration.framework/Versions/A/DiskArbitration
0x000000000789f000 	/usr/lib/liblangid.dylib
0x000000000789f000 	/System/Library/PrivateFrameworks/MultitouchSupport.framework/Versions/A/MultitouchSupport
0x000000000789f000 	/System/Library/Frameworks/IOKit.framework/Versions/A/IOKit
0x000000000789f000 	/usr/lib/libDiagnosticMessagesClient.dylib
0x000000000789f000 	/System/Library/Frameworks/CoreServices.framework/Versions/A/CoreServices
0x000000000789f000 	/System/Library/PrivateFrameworks/PerformanceAnalysis.framework/Versions/A/PerformanceAnalysis
0x000000000789f000 	/System/Library/PrivateFrameworks/GenerationalStorage.framework/Versions/A/GenerationalStorage
0x000000000789f000 	/System/Library/Frameworks/OpenGL.framework/Versions/A/OpenGL
0x000000000789f000 	/System/Library/PrivateFrameworks/Sharing.framework/Versions/A/Sharing
0x000000000789f000 	/System/Library/Frameworks/CoreGraphics.framework/Versions/A/CoreGraphics
0x000000000789f000 	/System/Library/Frameworks/CoreImage.framework/Versions/A/CoreImage
0x000000000789f000 	/System/Library/Frameworks/CoreText.framework/Versions/A/CoreText
0x000000000789f000 	/System/Library/Frameworks/ImageIO.framework/Versions/A/ImageIO
0x000000000789f000 	/System/Library/PrivateFrameworks/Backup.framework/Versions/A/Backup
0x000000000789f000 	/usr/lib/libextension.dylib
0x000000000789f000 	/usr/lib/libarchive.2.dylib
0x000000000789f000 	/System/Library/Frameworks/CFNetwork.framework/Versions/A/CFNetwork
0x000000000789f000 	/System/Library/Frameworks/SystemConfiguration.framework/Versions/A/SystemConfiguration
0x000000000789f000 	/usr/lib/libCRFSuite.dylib
0x000000000789f000 	/usr/lib/libc++.1.dylib
0x000000000789f000 	/usr/lib/libc++abi.dylib
0x000000000789f000 	/usr/lib/system/libcache.dylib
0x000000000789f000 	/usr/lib/system/libcommonCrypto.dylib
0x000000000789f000 	/usr/lib/system/libcompiler_rt.dylib
0x000000000789f000 	/usr/lib/system/libcopyfile.dylib
0x000000000789f000 	/usr/lib/system/libcorecrypto.dylib
0x000000000789f000 	/usr/lib/system/libdispatch.dylib
0x000000000789f000 	/usr/lib/system/libdyld.dylib
0x000000000789f000 	/usr/lib/system/libkeymgr.dylib
0x000000000789f000 	/usr/lib/system/liblaunch.dylib
0x000000000789f000 	/usr/lib/system/libmacho.dylib
0x000000000789f000 	/usr/lib/system/libquarantine.dylib
0x000000000789f000 	/usr/lib/system/libremovefile.dylib
0x000000000789f000 	/usr/lib/system/libsystem_asl.dylib
0x000000000789f000 	/usr/lib/system/libsystem_blocks.dylib
0x000000000789f000 	/usr/lib/system/libsystem_c.dylib
0x000000000789f000 	/usr/lib/system/libsystem_configuration.dylib
0x000000000789f000 	/usr/lib/system/libsystem_coreservices.dylib
0x000000000789f000 	/usr/lib/system/libsystem_coretls.dylib
0x000000000789f000 	/usr/lib/system/libsystem_dnssd.dylib
0x000000000789f000 	/usr/lib/system/libsystem_info.dylib
0x000000000789f000 	/usr/lib/system/libsystem_kernel.dylib
0x000000000789f000 	/usr/lib/system/libsystem_m.dylib
0x000000000789f000 	/usr/lib/system/libsystem_malloc.dylib
0x000000000789f000 	/usr/lib/system/libsystem_network.dylib
0x000000000789f000 	/usr/lib/system/libsystem_networkextension.dylib
0x000000000789f000 	/usr/lib/system/libsystem_notify.dylib
0x000000000789f000 	/usr/lib/system/libsystem_platform.dylib
0x000000000789f000 	/usr/lib/system/libsystem_pthread.dylib
0x000000000789f000 	/usr/lib/system/libsystem_sandbox.dylib
0x000000000789f000 	/usr/lib/system/libsystem_secinit.dylib
0x000000000789f000 	/usr/lib/system/libsystem_trace.dylib
0x000000000789f000 	/usr/lib/system/libunc.dylib
0x000000000789f000 	/usr/lib/system/libunwind.dylib
0x000000000789f000 	/usr/lib/system/libxpc.dylib
0x000000000789f000 	/usr/lib/libenergytrace.dylib
0x000000000789f000 	/usr/lib/libbsm.0.dylib
0x000000000789f000 	/usr/lib/system/libkxld.dylib
0x000000000789f000 	/usr/lib/libxar.1.dylib
0x000000000789f000 	/usr/lib/libsqlite3.dylib
0x000000000789f000 	/usr/lib/libpam.2.dylib
0x000000000789f000 	/usr/lib/libOpenScriptingUtil.dylib
0x000000000789f000 	/usr/lib/libbz2.1.0.dylib
0x000000000789f000 	/usr/lib/liblzma.5.dylib
0x000000000789f000 	/System/Library/Frameworks/CoreServices.framework/Versions/A/Frameworks/FSEvents.framework/Versions/A/FSEvents
0x000000000789f000 	/System/Library/Frameworks/CoreServices.framework/Versions/A/Frameworks/CarbonCore.framework/Versions/A/CarbonCore
0x000000000789f000 	/System/Library/Frameworks/CoreServices.framework/Versions/A/Frameworks/Metadata.framework/Versions/A/Metadata
0x000000000789f000 	/System/Library/Frameworks/CoreServices.framework/Versions/A/Frameworks/OSServices.framework/Versions/A/OSServices
0x000000000789f000 	/System/Library/Frameworks/CoreServices.framework/Versions/A/Frameworks/SearchKit.framework/Versions/A/SearchKit
0x000000000789f000 	/System/Library/Frameworks/CoreServices.framework/Versions/A/Frameworks/AE.framework/Versions/A/AE
0x000000000789f000 	/System/Library/Frameworks/CoreServices.framework/Versions/A/Frameworks/LaunchServices.framework/Versions/A/LaunchServices
0x000000000789f000 	/System/Library/Frameworks/CoreServices.framework/Versions/A/Frameworks/DictionaryServices.framework/Versions/A/DictionaryServices
0x000000000789f000 	/System/Library/Frameworks/CoreServices.framework/Versions/A/Frameworks/SharedFileList.framework/Versions/A/SharedFileList
0x000000000789f000 	/System/Library/Frameworks/NetFS.framework/Versions/A/NetFS
0x000000000789f000 	/System/Library/PrivateFrameworks/NetAuth.framework/Versions/A/NetAuth
0x000000000789f000 	/System/Library/PrivateFrameworks/login.framework/Versions/A/Frameworks/loginsupport.framework/Versions/A/loginsupport
0x000000000789f000 	/System/Library/PrivateFrameworks/TCC.framework/Versions/A/TCC
0x000000000789f000 	/usr/lib/libmecabra.dylib
0x000000000789f000 	/System/Library/Frameworks/ApplicationServices.framework/Versions/A/Frameworks/ATS.framework/Versions/A/ATS
0x000000000789f000 	/System/Library/Frameworks/ApplicationServices.framework/Versions/A/Frameworks/ColorSync.framework/Versions/A/ColorSync
0x000000000789f000 	/System/Library/Frameworks/ApplicationServices.framework/Versions/A/Frameworks/HIServices.framework/Versions/A/HIServices
0x000000000789f000 	/System/Library/Frameworks/ApplicationServices.framework/Versions/A/Frameworks/LangAnalysis.framework/Versions/A/LangAnalysis
0x000000000789f000 	/System/Library/Frameworks/ApplicationServices.framework/Versions/A/Frameworks/PrintCore.framework/Versions/A/PrintCore
0x000000000789f000 	/System/Library/Frameworks/ApplicationServices.framework/Versions/A/Frameworks/QD.framework/Versions/A/QD
0x000000000789f000 	/System/Library/Frameworks/ApplicationServices.framework/Versions/A/Frameworks/SpeechSynthesis.framework/Versions/A/SpeechSynthesis
0x000000000789f000 	/System/Library/Frameworks/Metal.framework/Versions/A/Metal
0x000000000789f000 	/System/Library/Frameworks/Accelerate.framework/Versions/A/Frameworks/vImage.framework/Versions/A/vImage
0x000000000789f000 	/System/Library/Frameworks/Accelerate.framework/Versions/A/Frameworks/vecLib.framework/Versions/A/vecLib
0x000000000789f000 	/System/Library/Frameworks/Accelerate.framework/Versions/A/Frameworks/vecLib.framework/Versions/A/libvDSP.dylib
0x000000000789f000 	/System/Library/Frameworks/Accelerate.framework/Versions/A/Frameworks/vecLib.framework/Versions/A/libvMisc.dylib
0x000000000789f000 	/System/Library/Frameworks/Accelerate.framework/Versions/A/Frameworks/vecLib.framework/Versions/A/libLAPACK.dylib
0x000000000789f000 	/System/Library/Frameworks/Accelerate.framework/Versions/A/Frameworks/vecLib.framework/Versions/A/libBLAS.dylib
0x000000000789f000 	/System/Library/Frameworks/Accelerate.framework/Versions/A/Frameworks/vecLib.framework/Versions/A/libLinearAlgebra.dylib
0x000000000789f000 	/System/Library/Frameworks/Accelerate.framework/Versions/A/Frameworks/vecLib.framework/Versions/A/libSparseBLAS.dylib
0x000000000789f000 	/System/Library/PrivateFrameworks/GPUCompiler.framework/libmetal_timestamp.dylib
0x000000000789f000 	/System/Library/Frameworks/OpenGL.framework/Versions/A/Libraries/libCoreFSCache.dylib
0x000000000789f000 	/System/Library/PrivateFrameworks/IOAccelerator.framework/Versions/A/IOAccelerator
0x000000000789f000 	/System/Library/Frameworks/ApplicationServices.framework/Versions/A/Frameworks/ATS.framework/Versions/A/Resources/libFontParser.dylib
0x000000000789f000 	/System/Library/Frameworks/ApplicationServices.framework/Versions/A/Frameworks/ATS.framework/Versions/A/Resources/libFontRegistry.dylib
0x000000000789f000 	/System/Library/PrivateFrameworks/AppleVPA.framework/Versions/A/AppleVPA
0x000000000789f000 	/System/Library/PrivateFrameworks/AppleJPEG.framework/Versions/A/AppleJPEG
0x000000000789f000 	/System/Library/Frameworks/ImageIO.framework/Versions/A/Resources/libJPEG.dylib
0x000000000789f000 	/System/Library/Frameworks/ImageIO.framework/Versions/A/Resources/libTIFF.dylib
0x000000000789f000 	/System/Library/Frameworks/ImageIO.framework/Versions/A/Resources/libPng.dylib
0x000000000789f000 	/System/Library/Frameworks/ImageIO.framework/Versions/A/Resources/libGIF.dylib
0x000000000789f000 	/System/Library/Frameworks/ImageIO.framework/Versions/A/Resources/libJP2.dylib
0x000000000789f000 	/System/Library/Frameworks/ImageIO.framework/Versions/A/Resources/libRadiance.dylib
0x000000000789f000 	/System/Library/Frameworks/CoreVideo.framework/Versions/A/CoreVideo
0x000000000789f000 	/System/Library/Frameworks/OpenGL.framework/Versions/A/Libraries/libGLU.dylib
0x000000000789f000 	/System/Library/Frameworks/OpenGL.framework/Versions/A/Libraries/libGFXShared.dylib
0x000000000789f000 	/System/Library/Frameworks/OpenGL.framework/Versions/A/Libraries/libGL.dylib
0x000000000789f000 	/System/Library/Frameworks/OpenGL.framework/Versions/A/Libraries/libGLImage.dylib
0x000000000789f000 	/System/Library/Frameworks/OpenGL.framework/Versions/A/Libraries/libCVMSPluginSupport.dylib
0x000000000789f000 	/System/Library/Frameworks/OpenGL.framework/Versions/A/Libraries/libCoreVMClient.dylib
0x000000000789f000 	/usr/lib/libcompression.dylib
0x000000000789f000 	/usr/lib/libcups.2.dylib
0x000000000789f000 	/System/Library/Frameworks/Kerberos.framework/Versions/A/Kerberos
0x000000000789f000 	/System/Library/Frameworks/GSS.framework/Versions/A/GSS
0x000000000789f000 	/usr/lib/libresolv.9.dylib
0x000000000789f000 	/usr/lib/libiconv.2.dylib
0x000000000789f000 	/System/Library/PrivateFrameworks/Heimdal.framework/Versions/A/Heimdal
0x000000000789f000 	/usr/lib/libheimdal-asn1.dylib
0x000000000789f000 	/System/Library/Frameworks/OpenDirectory.framework/Versions/A/OpenDirectory
0x000000000789f000 	/System/Library/PrivateFrameworks/CommonAuth.framework/Versions/A/CommonAuth
0x000000000789f000 	/System/Library/Frameworks/OpenDirectory.framework/Versions/A/Frameworks/CFOpenDirectory.framework/Versions/A/CFOpenDirectory
0x000000000789f000 	/System/Library/Frameworks/SecurityFoundation.framework/Versions/A/SecurityFoundation
0x000000000789f000 	/System/Library/PrivateFrameworks/LanguageModeling.framework/Versions/A/LanguageModeling
0x000000000789f000 	/usr/lib/libmarisa.dylib
0x000000000789f000 	/usr/lib/libChineseTokenizer.dylib
0x000000000789f000 	/usr/lib/libcmph.dylib
0x000000000789f000 	/System/Library/Frameworks/ServiceManagement.framework/Versions/A/ServiceManagement
0x000000000789f000 	/usr/lib/libxslt.1.dylib
0x000000000789f000 	/System/Library/Frameworks/Carbon.framework/Versions/A/Frameworks/Ink.framework/Versions/A/Ink
0x000000000789f000 	/usr/lib/libFosl_dynamic.dylib
0x000000000789f000 	/System/Library/PrivateFrameworks/FaceCore.framework/Versions/A/FaceCore
0x000000000789f000 	/System/Library/Frameworks/OpenCL.framework/Versions/A/OpenCL
0x000000000789f000 	/System/Library/PrivateFrameworks/CrashReporterSupport.framework/Versions/A/CrashReporterSupport
0x000000000789f000 	/System/Library/PrivateFrameworks/IconServices.framework/Versions/A/IconServices
0x000000000789f000 	/System/Library/PrivateFrameworks/Apple80211.framework/Versions/A/Apple80211
0x000000000789f000 	/System/Library/Frameworks/CoreWLAN.framework/Versions/A/CoreWLAN
0x000000000789f000 	/System/Library/Frameworks/IOBluetooth.framework/Versions/A/IOBluetooth
0x000000000789f000 	/System/Library/PrivateFrameworks/CoreWiFi.framework/Versions/A/CoreWiFi
0x000000000789f000 	/System/Library/Frameworks/CoreBluetooth.framework/Versions/A/CoreBluetooth
0x000000000789f000 	/System/Library/PrivateFrameworks/ChunkingLibrary.framework/Versions/A/ChunkingLibrary
0x000000000789f000 	/System/Library/PrivateFrameworks/DebugSymbols.framework/Versions/A/DebugSymbols
0x000000000789f000 	/System/Library/PrivateFrameworks/CoreSymbolication.framework/Versions/A/CoreSymbolication
0x000000000789f000 	/System/Library/PrivateFrameworks/Symbolication.framework/Versions/A/Symbolication
0x000000000789f000 	/System/Library/PrivateFrameworks/SpeechRecognitionCore.framework/Versions/A/SpeechRecognitionCore
0x0000000106c00000 	/Volumes/Android Studio 2.2.1/Android Studio.app/Contents/jre/jdk/Contents/Home/jre/lib/server/libjvm.dylib
0x000000000789f000 	/usr/lib/libstdc++.6.dylib
0x0000000106224000 	/Volumes/Android Studio 2.2.1/Android Studio.app/Contents/jre/jdk/Contents/Home/jre/lib/libverify.dylib
0x0000000106231000 	/Volumes/Android Studio 2.2.1/Android Studio.app/Contents/jre/jdk/Contents/Home/jre/lib/libjava.dylib
0x0000000106270000 	/Volumes/Android Studio 2.2.1/Android Studio.app/Contents/jre/jdk/Contents/Home/jre/lib/libzip.dylib
0x00000001063e1000 	/System/Library/Frameworks/JavaVM.framework/Frameworks/JavaRuntimeSupport.framework/JavaRuntimeSupport
0x000000011bc32000 	/System/Library/Frameworks/JavaVM.framework/Versions/A/Frameworks/JavaNativeFoundation.framework/Versions/A/JavaNativeFoundation
0x000000011bc47000 	/System/Library/Frameworks/JavaVM.framework/Versions/A/JavaVM
0x000000000789f000 	/System/Library/Frameworks/Carbon.framework/Versions/A/Carbon
0x000000011bc54000 	/System/Library/PrivateFrameworks/JavaLaunching.framework/Versions/A/JavaLaunching
0x000000000789f000 	/System/Library/Frameworks/Carbon.framework/Versions/A/Frameworks/CommonPanels.framework/Versions/A/CommonPanels
0x000000000789f000 	/System/Library/Frameworks/Carbon.framework/Versions/A/Frameworks/Help.framework/Versions/A/Help
0x000000000789f000 	/System/Library/Frameworks/Carbon.framework/Versions/A/Frameworks/ImageCapture.framework/Versions/A/ImageCapture
0x000000000789f000 	/System/Library/Frameworks/Carbon.framework/Versions/A/Frameworks/OpenScripting.framework/Versions/A/OpenScripting
0x000000000789f000 	/System/Library/Frameworks/Carbon.framework/Versions/A/Frameworks/Print.framework/Versions/A/Print
0x000000000789f000 	/System/Library/Frameworks/Carbon.framework/Versions/A/Frameworks/SecurityHI.framework/Versions/A/SecurityHI
0x000000011d93c000 	/Volumes/Android Studio 2.2.1/Android Studio.app/Contents/jre/jdk/Contents/Home/jre/lib/libnet.dylib
0x000000011d953000 	/Volumes/Android Studio 2.2.1/Android Studio.app/Contents/jre/jdk/Contents/Home/jre/lib/libnio.dylib
0x000000011d963000 	/Users/appcamp/.gradle/native/19/osx-amd64/libnative-platform.dylib
0x000000011dcdf000 	/Volumes/Android Studio 2.2.1/Android Studio.app/Contents/jre/jdk/Contents/Home/jre/lib/libmanagement.dylib

VM Arguments:
jvm_args: -Xmx1536m -Dfile.encoding=UTF-8 -Duser.country=US -Duser.language=en -Duser.variant 
java_command: org.gradle.launcher.daemon.bootstrap.GradleDaemon 2.14.1
java_class_path (initial): /Volumes/Android Studio 2.2.1/Android Studio.app/Contents/gradle/gradle-2.14.1/lib/gradle-launcher-2.14.1.jar
Launcher Type: SUN_STANDARD

Environment Variables:
PATH=/usr/bin:/bin:/usr/sbin:/sbin
SHELL=/bin/bash

Signal Handlers:
SIGSEGV: [libjvm.dylib+0x57e9cd], sa_mask[0]=11111111011111110111111111111111, sa_flags=SA_ONSTACK|SA_RESTART|SA_SIGINFO
SIGBUS: [libjvm.dylib+0x57e9cd], sa_mask[0]=11111111011111110111111111111111, sa_flags=SA_RESTART|SA_SIGINFO
SIGFPE: [libjvm.dylib+0x45951c], sa_mask[0]=11111111011111110111111111111111, sa_flags=SA_RESTART|SA_SIGINFO
SIGPIPE: [libjvm.dylib+0x45951c], sa_mask[0]=11111111011111110111111111111111, sa_flags=SA_RESTART|SA_SIGINFO
SIGXFSZ: [libjvm.dylib+0x45951c], sa_mask[0]=11111111011111110111111111111111, sa_flags=SA_RESTART|SA_SIGINFO
SIGILL: [libjvm.dylib+0x45951c], sa_mask[0]=11111111011111110111111111111111, sa_flags=SA_RESTART|SA_SIGINFO
SIGUSR1: SIG_DFL, sa_mask[0]=00000000000000000000000000000000, sa_flags=none
SIGUSR2: [libjvm.dylib+0x45903a], sa_mask[0]=00100000000000000000000000000000, sa_flags=SA_RESTART|SA_SIGINFO
SIGHUP: [libjvm.dylib+0x457611], sa_mask[0]=11111111011111110111111111111111, sa_flags=SA_RESTART|SA_SIGINFO
SIGINT: [libjvm.dylib+0x457611], sa_mask[0]=11111111011111110111111111111111, sa_flags=SA_RESTART|SA_SIGINFO
SIGTERM: [libjvm.dylib+0x457611], sa_mask[0]=11111111011111110111111111111111, sa_flags=SA_RESTART|SA_SIGINFO
SIGQUIT: [libjvm.dylib+0x457611], sa_mask[0]=11111111011111110111111111111111, sa_flags=SA_RESTART|SA_SIGINFO


---------------  S Y S T E M  ---------------

OS:Bsduname:Darwin 15.6.0 Darwin Kernel Version 15.6.0: Thu Jun 23 18:25:34 PDT 2016; root:xnu-3248.60.10~1/RELEASE_X86_64 x86_64
rlimit: STACK 8192k, CORE 0k, NPROC 709, NOFILE 10240, AS infinity
load average:7.38 2.93 2.68

CPU:total 4 (2 cores per cpu, 2 threads per core) family 6 model 61 stepping 4, cmov, cx8, fxsr, mmx, sse, sse2, sse3, ssse3, sse4.1, sse4.2, popcnt, avx, avx2, aes, clmul, erms, 3dnowpref, lzcnt, ht, tsc, tscinvbit, bmi1, bmi2, adx

Memory: 4k page, physical 4194304k(43928k free)

/proc/meminfo:


vm_info: OpenJDK 64-Bit Server VM (25.112-b05) for bsd-amd64 JRE (1.8.0_112-release-b05), built on Sep 26 2016 14:04:06 by "builder" with gcc 4.2.1 (Based on Apple Inc. build 5658) (LLVM build 2336.11.00)

time: Thu Mar  9 16:50:23 2017
elapsed time: 48 seconds (0d 0h 0m 48s)

